{"uuid":"0faf40cf-a384-47a9-a013-87ab16541347","name":"Scenario: Verify user is able to launch website with invalid link","children":["8faf2a4b-3b74-494c-8b33-a5d5e78cfa75"],"befores":[{"name":"Hooks.AppHooks.readProperty()","status":"passed","stage":"finished","steps":[],"attachments":[],"parameters":[],"start":1721788577117,"stop":1721788577119},{"name":"Hooks.AppHooks.launchBrowser()","status":"broken","statusDetails":{"known":false,"muted":false,"flaky":false,"message":"BEFORE is failed: Cannot invoke \"org.openqa.selenium.WebDriver.manage()\" because the return value of \"Hooks.DriverFactory.getDriver()\" is null","trace":"java.lang.NullPointerException: Cannot invoke \"org.openqa.selenium.WebDriver.manage()\" because the return value of \"Hooks.DriverFactory.getDriver()\" is null\r\n\tat Hooks.DriverFactory.initDriver(DriverFactory.java:34)\r\n\tat Hooks.AppHooks.launchBrowser(AppHooks.java:32)\r\n"},"stage":"finished","steps":[],"attachments":[],"parameters":[],"start":1721788577120,"stop":1721788577122}],"afters":[{"name":"Hooks.AppHooks.TakeFailedScreenshots(io.cucumber.java.Scenario)","status":"broken","statusDetails":{"known":false,"muted":false,"flaky":false,"message":"AFTER is failed: Cannot invoke \"org.openqa.selenium.TakesScreenshot.getScreenshotAs(org.openqa.selenium.OutputType)\" because \"this.driver\" is null","trace":"java.lang.NullPointerException: Cannot invoke \"org.openqa.selenium.TakesScreenshot.getScreenshotAs(org.openqa.selenium.OutputType)\" because \"this.driver\" is null\r\n\tat Hooks.AppHooks.TakeFailedScreenshots(AppHooks.java:45)\r\n"},"stage":"finished","steps":[],"attachments":[],"parameters":[],"start":1721788577127,"stop":1721788577128},{"name":"Hooks.AppHooks.tearDown()","status":"broken","statusDetails":{"known":false,"muted":false,"flaky":false,"message":"AFTER is failed: Cannot invoke \"org.openqa.selenium.WebDriver.quit()\" because \"this.driver\" is null","trace":"java.lang.NullPointerException: Cannot invoke \"org.openqa.selenium.WebDriver.quit()\" because \"this.driver\" is null\r\n\tat Hooks.AppHooks.tearDown(AppHooks.java:37)\r\n"},"stage":"finished","steps":[],"attachments":[],"parameters":[],"start":1721788577128,"stop":1721788577133}],"start":1721788577116,"stop":1721788577134}