{"uuid":"63264899-42ee-46bf-bd7e-f26f8e1eac2a","name":"Scenario: Verify input descriptive test in username field","children":["aa2b8ca1-6f7e-45d9-b41a-ea6bf60bf5f9"],"befores":[{"name":"Hooks.AppHooks.readProperty()","status":"passed","stage":"finished","steps":[],"attachments":[],"parameters":[],"start":1721788577342,"stop":1721788577343},{"name":"Hooks.AppHooks.launchBrowser()","status":"broken","statusDetails":{"known":false,"muted":false,"flaky":false,"message":"BEFORE is failed: Cannot invoke \"org.openqa.selenium.WebDriver.manage()\" because the return value of \"Hooks.DriverFactory.getDriver()\" is null","trace":"java.lang.NullPointerException: Cannot invoke \"org.openqa.selenium.WebDriver.manage()\" because the return value of \"Hooks.DriverFactory.getDriver()\" is null\r\n\tat Hooks.DriverFactory.initDriver(DriverFactory.java:34)\r\n\tat Hooks.AppHooks.launchBrowser(AppHooks.java:32)\r\n"},"stage":"finished","steps":[],"attachments":[],"parameters":[],"start":1721788577343,"stop":1721788577344}],"afters":[{"name":"Hooks.AppHooks.TakeFailedScreenshots(io.cucumber.java.Scenario)","status":"broken","statusDetails":{"known":false,"muted":false,"flaky":false,"message":"AFTER is failed: Cannot invoke \"org.openqa.selenium.TakesScreenshot.getScreenshotAs(org.openqa.selenium.OutputType)\" because \"this.driver\" is null","trace":"java.lang.NullPointerException: Cannot invoke \"org.openqa.selenium.TakesScreenshot.getScreenshotAs(org.openqa.selenium.OutputType)\" because \"this.driver\" is null\r\n\tat Hooks.AppHooks.TakeFailedScreenshots(AppHooks.java:45)\r\n"},"stage":"finished","steps":[],"attachments":[],"parameters":[],"start":1721788577348,"stop":1721788577348},{"name":"Hooks.AppHooks.tearDown()","status":"broken","statusDetails":{"known":false,"muted":false,"flaky":false,"message":"AFTER is failed: Cannot invoke \"org.openqa.selenium.WebDriver.quit()\" because \"this.driver\" is null","trace":"java.lang.NullPointerException: Cannot invoke \"org.openqa.selenium.WebDriver.quit()\" because \"this.driver\" is null\r\n\tat Hooks.AppHooks.tearDown(AppHooks.java:37)\r\n"},"stage":"finished","steps":[],"attachments":[],"parameters":[],"start":1721788577349,"stop":1721788577350}],"start":1721788577342,"stop":1721788577351}